0 info it worked if it ends with ok
1 verbose cli [ 'D:\\nodejs\\\\node.exe',
1 verbose cli   'D:\\nodejs\\node_modules\\npm\\bin\\npm-cli.js',
1 verbose cli   'install',
1 verbose cli   'cairo' ]
2 info using npm@1.2.18
3 info using node@v0.10.4
4 verbose node symlink D:\nodejs\\node.exe
5 verbose read json D:\nodejs-workspace\mplayer\package.json
6 verbose read json D:\nodejs-workspace\mplayer\node_modules\connect-flash\package.json
7 verbose read json D:\nodejs-workspace\mplayer\node_modules\connect-mongo\package.json
8 verbose read json D:\nodejs-workspace\mplayer\node_modules\express\package.json
9 verbose read json D:\nodejs-workspace\mplayer\node_modules\jade\package.json
10 verbose read json D:\nodejs-workspace\mplayer\node_modules\mongodb\package.json
11 verbose from cache D:\nodejs-workspace\mplayer\package.json
12 verbose readDependencies using package.json deps
13 verbose cache add [ 'cairo', null ]
14 verbose cache add name=undefined spec="cairo" args=["cairo",null]
15 verbose parsed url { protocol: null,
15 verbose parsed url   slashes: null,
15 verbose parsed url   auth: null,
15 verbose parsed url   host: null,
15 verbose parsed url   port: null,
15 verbose parsed url   hostname: null,
15 verbose parsed url   hash: null,
15 verbose parsed url   search: null,
15 verbose parsed url   query: null,
15 verbose parsed url   pathname: 'cairo',
15 verbose parsed url   path: 'cairo',
15 verbose parsed url   href: 'cairo' }
16 silly lockFile e03dc4c5-cairo cairo
17 verbose lock cairo C:\Documents and Settings\Administrator\Application Data\npm-cache\e03dc4c5-cairo.lock
18 silly lockFile e03dc4c5-cairo cairo
19 silly lockFile e03dc4c5-cairo cairo
20 verbose addNamed [ 'cairo', '' ]
21 verbose addNamed [ null, '' ]
22 silly lockFile e7ee282f-cairo cairo@
23 verbose lock cairo@ C:\Documents and Settings\Administrator\Application Data\npm-cache\e7ee282f-cairo.lock
24 silly addNameRange { name: 'cairo', range: '', hasData: false }
25 verbose url raw cairo
26 verbose url resolving [ 'https://registry.npmjs.org/', './cairo' ]
27 verbose url resolved https://registry.npmjs.org/cairo
28 info trying registry request attempt 1 at 14:14:11
29 http GET https://registry.npmjs.org/cairo
30 http 404 https://registry.npmjs.org/cairo
31 silly registry.get cb [ 404,
31 silly registry.get   { server: 'CouchDB/1.3.0 (Erlang OTP/R15B03)',
31 silly registry.get     date: 'Sat, 11 May 2013 06:13:38 GMT',
31 silly registry.get     'content-type': 'application/json',
31 silly registry.get     'content-length': '52',
31 silly registry.get     'cache-control': 'must-revalidate' } ]
32 silly lockFile e7ee282f-cairo cairo@
33 silly lockFile e7ee282f-cairo cairo@
34 error 404 'cairo' is not in the npm registry.
34 error 404 You should bug the author to publish it
34 error 404
34 error 404 Note that you can also install from a
34 error 404 tarball, folder, or http url, or git url.
35 error System Windows_NT 5.1.2600
36 error command "D:\\nodejs\\\\node.exe" "D:\\nodejs\\node_modules\\npm\\bin\\npm-cli.js" "install" "cairo"
37 error cwd D:\nodejs-workspace\mplayer
38 error node -v v0.10.4
39 error npm -v 1.2.18
40 error code E404
41 verbose exit [ 1, true ]
